Compiling the C compiler identification source file "CMakeCCompilerId.c" failed.
Compiler:  
Build flags: 
Id flags:  

The output was:
1
MSBuild version 17.3.1+2badb37d1 for .NET Framework
Der Buildvorgang wurde am 25.10.2022 14:11:34 gestartet.
Projekt "C:\Users\phile\OneDrive\Dokumente\Uni\Graphische Datenverarbeitung\Exercise\GDV_exercise01\src\CMakeFiles\3.24.1\CompilerIdC\CompilerIdC.vcxproj" auf Knoten "1" (Standardziele).
PrepareForBuild:
  Das Verzeichnis "Debug\" wird erstellt.
  Das Verzeichnis "Debug\CompilerIdC.tlog\" wird erstellt.
InitializeBuildStatus:
  "Debug\CompilerIdC.tlog\unsuccessfulbuild" wird erstellt, da "AlwaysCreate" angegeben wurde.
ClCompile:
  C:\Program Files\Microsoft Visual Studio\2022\Community\VC\Tools\MSVC\14.33.31629\bin\HostX64\x64\CL.exe /c /nologo /W0 /WX- /diagnostics:column /Od /D _MBCS /Gm- /EHsc /RTC1 /MDd /GS /fp:precise /Zc:wchar_t /Zc:forScope /Zc:inline /Fo"Debug\\" /Fd"Debug\vc143.pdb" /external:W0 /Gd /TC /FC /errorReport:queue CMakeCCompilerId.c
  CMakeCCompilerId.c
Link:
  C:\Program Files\Microsoft Visual Studio\2022\Community\VC\Tools\MSVC\14.33.31629\bin\HostX64\x64\link.exe /ERRORREPORT:QUEUE /OUT:".\CompilerIdC.exe" /INCREMENTAL:NO /NOLOGO kernel32.lib user32.lib gdi32.lib winspool.lib comdlg32.lib advapi32.lib shell32.lib ole32.lib oleaut32.lib uuid.lib odbc32.lib odbccp32.lib /MANIFEST /MANIFESTUAC:"level='asInvoker' uiAccess='false'" /manifest:embed /PDB:".\CompilerIdC.pdb" /SUBSYSTEM:CONSOLE /TLBID:1 /DYNAMICBASE /NXCOMPAT /IMPLIB:".\CompilerIdC.lib" /MACHINE:X64 Debug\CMakeCCompilerId.obj
LINK : fatal error LNK1104: Datei "ucrtd.lib" kann nicht geöffnet werden. [C:\Users\phile\OneDrive\Dokumente\Uni\Graphische Datenverarbeitung\Exercise\GDV_exercise01\src\CMakeFiles\3.24.1\CompilerIdC\CompilerIdC.vcxproj]
Die Erstellung des Projekts "C:\Users\phile\OneDrive\Dokumente\Uni\Graphische Datenverarbeitung\Exercise\GDV_exercise01\src\CMakeFiles\3.24.1\CompilerIdC\CompilerIdC.vcxproj" ist abgeschlossen (Standardziele) -- FEHLER.

Fehler beim Buildvorgang.

"C:\Users\phile\OneDrive\Dokumente\Uni\Graphische Datenverarbeitung\Exercise\GDV_exercise01\src\CMakeFiles\3.24.1\CompilerIdC\CompilerIdC.vcxproj" (Standardziel) (1) ->
(Link Ziel) -> 
  LINK : fatal error LNK1104: Datei "ucrtd.lib" kann nicht geöffnet werden. [C:\Users\phile\OneDrive\Dokumente\Uni\Graphische Datenverarbeitung\Exercise\GDV_exercise01\src\CMakeFiles\3.24.1\CompilerIdC\CompilerIdC.vcxproj]

    0 Warnung(en)
    1 Fehler

Verstrichene Zeit 00:00:01.97


Compiling the C compiler identification source file "CMakeCCompilerId.c" failed.
Compiler:  
Build flags: 
Id flags:  

The output was:
1
MSBuild version 17.3.1+2badb37d1 for .NET Framework
Der Buildvorgang wurde am 25.10.2022 14:11:36 gestartet.
Projekt "C:\Users\phile\OneDrive\Dokumente\Uni\Graphische Datenverarbeitung\Exercise\GDV_exercise01\src\CMakeFiles\3.24.1\CompilerIdC\CompilerIdC.vcxproj" auf Knoten "1" (Standardziele).
PrepareForBuild:
  Das Verzeichnis "Debug\" wird erstellt.
  Das Verzeichnis "Debug\CompilerIdC.tlog\" wird erstellt.
InitializeBuildStatus:
  "Debug\CompilerIdC.tlog\unsuccessfulbuild" wird erstellt, da "AlwaysCreate" angegeben wurde.
ClCompile:
  C:\Program Files\Microsoft Visual Studio\2022\Community\VC\Tools\MSVC\14.33.31629\bin\HostX64\x64\CL.exe /c /nologo /W0 /WX- /diagnostics:column /Od /D _MBCS /Gm- /EHsc /RTC1 /MDd /GS /fp:precise /Zc:wchar_t /Zc:forScope /Zc:inline /Fo"Debug\\" /Fd"Debug\vc143.pdb" /external:W0 /Gd /TC /FC /errorReport:queue CMakeCCompilerId.c
  CMakeCCompilerId.c
Link:
  C:\Program Files\Microsoft Visual Studio\2022\Community\VC\Tools\MSVC\14.33.31629\bin\HostX64\x64\link.exe /ERRORREPORT:QUEUE /OUT:".\CompilerIdC.exe" /INCREMENTAL:NO /NOLOGO kernel32.lib user32.lib gdi32.lib winspool.lib comdlg32.lib advapi32.lib shell32.lib ole32.lib oleaut32.lib uuid.lib odbc32.lib odbccp32.lib /MANIFEST /MANIFESTUAC:"level='asInvoker' uiAccess='false'" /manifest:embed /PDB:".\CompilerIdC.pdb" /SUBSYSTEM:CONSOLE /TLBID:1 /DYNAMICBASE /NXCOMPAT /IMPLIB:".\CompilerIdC.lib" /MACHINE:X64 Debug\CMakeCCompilerId.obj
LINK : fatal error LNK1104: Datei "ucrtd.lib" kann nicht geöffnet werden. [C:\Users\phile\OneDrive\Dokumente\Uni\Graphische Datenverarbeitung\Exercise\GDV_exercise01\src\CMakeFiles\3.24.1\CompilerIdC\CompilerIdC.vcxproj]
Die Erstellung des Projekts "C:\Users\phile\OneDrive\Dokumente\Uni\Graphische Datenverarbeitung\Exercise\GDV_exercise01\src\CMakeFiles\3.24.1\CompilerIdC\CompilerIdC.vcxproj" ist abgeschlossen (Standardziele) -- FEHLER.

Fehler beim Buildvorgang.

"C:\Users\phile\OneDrive\Dokumente\Uni\Graphische Datenverarbeitung\Exercise\GDV_exercise01\src\CMakeFiles\3.24.1\CompilerIdC\CompilerIdC.vcxproj" (Standardziel) (1) ->
(Link Ziel) -> 
  LINK : fatal error LNK1104: Datei "ucrtd.lib" kann nicht geöffnet werden. [C:\Users\phile\OneDrive\Dokumente\Uni\Graphische Datenverarbeitung\Exercise\GDV_exercise01\src\CMakeFiles\3.24.1\CompilerIdC\CompilerIdC.vcxproj]

    0 Warnung(en)
    1 Fehler

Verstrichene Zeit 00:00:00.68


Compiling the CXX compiler identification source file "CMakeCXXCompilerId.cpp" failed.
Compiler:  
Build flags: 
Id flags:  

The output was:
1
MSBuild version 17.3.1+2badb37d1 for .NET Framework
Der Buildvorgang wurde am 25.10.2022 14:11:37 gestartet.
Projekt "C:\Users\phile\OneDrive\Dokumente\Uni\Graphische Datenverarbeitung\Exercise\GDV_exercise01\src\CMakeFiles\3.24.1\CompilerIdCXX\CompilerIdCXX.vcxproj" auf Knoten "1" (Standardziele).
PrepareForBuild:
  Das Verzeichnis "Debug\" wird erstellt.
  Das Verzeichnis "Debug\CompilerIdCXX.tlog\" wird erstellt.
InitializeBuildStatus:
  "Debug\CompilerIdCXX.tlog\unsuccessfulbuild" wird erstellt, da "AlwaysCreate" angegeben wurde.
ClCompile:
  C:\Program Files\Microsoft Visual Studio\2022\Community\VC\Tools\MSVC\14.33.31629\bin\HostX64\x64\CL.exe /c /nologo /W0 /WX- /diagnostics:column /Od /D _MBCS /Gm- /EHsc /RTC1 /MDd /GS /fp:precise /Zc:wchar_t /Zc:forScope /Zc:inline /Fo"Debug\\" /Fd"Debug\vc143.pdb" /external:W0 /Gd /TP /FC /errorReport:queue CMakeCXXCompilerId.cpp
  CMakeCXXCompilerId.cpp
Link:
  C:\Program Files\Microsoft Visual Studio\2022\Community\VC\Tools\MSVC\14.33.31629\bin\HostX64\x64\link.exe /ERRORREPORT:QUEUE /OUT:".\CompilerIdCXX.exe" /INCREMENTAL:NO /NOLOGO kernel32.lib user32.lib gdi32.lib winspool.lib comdlg32.lib advapi32.lib shell32.lib ole32.lib oleaut32.lib uuid.lib odbc32.lib odbccp32.lib /MANIFEST /MANIFESTUAC:"level='asInvoker' uiAccess='false'" /manifest:embed /PDB:".\CompilerIdCXX.pdb" /SUBSYSTEM:CONSOLE /TLBID:1 /DYNAMICBASE /NXCOMPAT /IMPLIB:".\CompilerIdCXX.lib" /MACHINE:X64 Debug\CMakeCXXCompilerId.obj
LINK : fatal error LNK1104: Datei "ucrtd.lib" kann nicht geöffnet werden. [C:\Users\phile\OneDrive\Dokumente\Uni\Graphische Datenverarbeitung\Exercise\GDV_exercise01\src\CMakeFiles\3.24.1\CompilerIdCXX\CompilerIdCXX.vcxproj]
Die Erstellung des Projekts "C:\Users\phile\OneDrive\Dokumente\Uni\Graphische Datenverarbeitung\Exercise\GDV_exercise01\src\CMakeFiles\3.24.1\CompilerIdCXX\CompilerIdCXX.vcxproj" ist abgeschlossen (Standardziele) -- FEHLER.

Fehler beim Buildvorgang.

"C:\Users\phile\OneDrive\Dokumente\Uni\Graphische Datenverarbeitung\Exercise\GDV_exercise01\src\CMakeFiles\3.24.1\CompilerIdCXX\CompilerIdCXX.vcxproj" (Standardziel) (1) ->
(Link Ziel) -> 
  LINK : fatal error LNK1104: Datei "ucrtd.lib" kann nicht geöffnet werden. [C:\Users\phile\OneDrive\Dokumente\Uni\Graphische Datenverarbeitung\Exercise\GDV_exercise01\src\CMakeFiles\3.24.1\CompilerIdCXX\CompilerIdCXX.vcxproj]

    0 Warnung(en)
    1 Fehler

Verstrichene Zeit 00:00:00.74


Compiling the CXX compiler identification source file "CMakeCXXCompilerId.cpp" failed.
Compiler:  
Build flags: 
Id flags:  

The output was:
1
MSBuild version 17.3.1+2badb37d1 for .NET Framework
Der Buildvorgang wurde am 25.10.2022 14:11:38 gestartet.
Projekt "C:\Users\phile\OneDrive\Dokumente\Uni\Graphische Datenverarbeitung\Exercise\GDV_exercise01\src\CMakeFiles\3.24.1\CompilerIdCXX\CompilerIdCXX.vcxproj" auf Knoten "1" (Standardziele).
PrepareForBuild:
  Das Verzeichnis "Debug\" wird erstellt.
  Das Verzeichnis "Debug\CompilerIdCXX.tlog\" wird erstellt.
InitializeBuildStatus:
  "Debug\CompilerIdCXX.tlog\unsuccessfulbuild" wird erstellt, da "AlwaysCreate" angegeben wurde.
ClCompile:
  C:\Program Files\Microsoft Visual Studio\2022\Community\VC\Tools\MSVC\14.33.31629\bin\HostX64\x64\CL.exe /c /nologo /W0 /WX- /diagnostics:column /Od /D _MBCS /Gm- /EHsc /RTC1 /MDd /GS /fp:precise /Zc:wchar_t /Zc:forScope /Zc:inline /Fo"Debug\\" /Fd"Debug\vc143.pdb" /external:W0 /Gd /TP /FC /errorReport:queue CMakeCXXCompilerId.cpp
  CMakeCXXCompilerId.cpp
Link:
  C:\Program Files\Microsoft Visual Studio\2022\Community\VC\Tools\MSVC\14.33.31629\bin\HostX64\x64\link.exe /ERRORREPORT:QUEUE /OUT:".\CompilerIdCXX.exe" /INCREMENTAL:NO /NOLOGO kernel32.lib user32.lib gdi32.lib winspool.lib comdlg32.lib advapi32.lib shell32.lib ole32.lib oleaut32.lib uuid.lib odbc32.lib odbccp32.lib /MANIFEST /MANIFESTUAC:"level='asInvoker' uiAccess='false'" /manifest:embed /PDB:".\CompilerIdCXX.pdb" /SUBSYSTEM:CONSOLE /TLBID:1 /DYNAMICBASE /NXCOMPAT /IMPLIB:".\CompilerIdCXX.lib" /MACHINE:X64 Debug\CMakeCXXCompilerId.obj
LINK : fatal error LNK1104: Datei "ucrtd.lib" kann nicht geöffnet werden. [C:\Users\phile\OneDrive\Dokumente\Uni\Graphische Datenverarbeitung\Exercise\GDV_exercise01\src\CMakeFiles\3.24.1\CompilerIdCXX\CompilerIdCXX.vcxproj]
Die Erstellung des Projekts "C:\Users\phile\OneDrive\Dokumente\Uni\Graphische Datenverarbeitung\Exercise\GDV_exercise01\src\CMakeFiles\3.24.1\CompilerIdCXX\CompilerIdCXX.vcxproj" ist abgeschlossen (Standardziele) -- FEHLER.

Fehler beim Buildvorgang.

"C:\Users\phile\OneDrive\Dokumente\Uni\Graphische Datenverarbeitung\Exercise\GDV_exercise01\src\CMakeFiles\3.24.1\CompilerIdCXX\CompilerIdCXX.vcxproj" (Standardziel) (1) ->
(Link Ziel) -> 
  LINK : fatal error LNK1104: Datei "ucrtd.lib" kann nicht geöffnet werden. [C:\Users\phile\OneDrive\Dokumente\Uni\Graphische Datenverarbeitung\Exercise\GDV_exercise01\src\CMakeFiles\3.24.1\CompilerIdCXX\CompilerIdCXX.vcxproj]

    0 Warnung(en)
    1 Fehler

Verstrichene Zeit 00:00:00.72


